var a = 100;
undefined
var b = a;
undefined
b;
100
a;
100
b++;
100
b;
101
a;
100
a==b
false
var arr = [10,20,30];
undefined
var arr2 = arr;
undefined
arr == arr2;
true
arr2;
(3) [10, 20, 30]
arr;
(3) [10, 20, 30]
arr[0] = 10000;
10000
arr;
(3) [10000, 20, 30]
arr2;
(3) [10000, 20, 30]
arr;
(3) [10000, 20, 30]
arr2 = [...arr];
(3) [10000, 20, 30]
arr2;
(3) [10000, 20, 30]
arr2== arr;
false
arr2;
(3) [10000, 20, 30]
arr;
(3) [10000, 20, 30]
arr2[1]=4343;
4343
arr2;
(3) [10000, 4343, 30]
arr;
(3) [10000, 20, 30]
NaN + 1000
NaN
NaN + NaN
NaN
