var arr = [10,20,90,1,88,2,33,3];
undefined
for(let i = 0;i<arr.length; i++){
console.log(arr[i]);
}
VM3903:2 10
VM3903:2 20
VM3903:2 90
VM3903:2 1
VM3903:2 88
VM3903:2 2
VM3903:2 33
VM3903:2 3
undefined
typeof arr;
"object"
arr instanceof Array;
true
typeof Array;
"function"
Array.prototype.forEach
ƒ forEach() { [native code] }
function printIt(currentElement){
console.log('Current Element is ', currentElement);
}
arr.forEach()
VM4188:4 Uncaught TypeError: undefined is not a function
    at Array.forEach (<anonymous>)
    at <anonymous>:4:5
(anonymous) @ VM4188:4
function printIt(currentElement){
console.log('Current Element is ', currentElement);
}
arr.forEach(printIt);
VM4213:2 Current Element is  10
VM4213:2 Current Element is  20
VM4213:2 Current Element is  90
VM4213:2 Current Element is  1
VM4213:2 Current Element is  88
VM4213:2 Current Element is  2
VM4213:2 Current Element is  33
VM4213:2 Current Element is  3
undefined
arr.forEach(currentElement=>console.log(currentElement));
VM4388:1 10
VM4388:1 20
VM4388:1 90
VM4388:1 1
VM4388:1 88
VM4388:1 2
VM4388:1 33
VM4388:1 3
undefined
